==366304== Massif, a heap profiler
==366304== Copyright (C) 2003-2017, and GNU GPL'd, by Nicholas Nethercote
==366304== Using Valgrind-3.15.0 and LibVEX; rerun with -h for copyright info
==366304== Command: ../../catan/src/build/Catan
==366304== Parent PID: 366303
==366304== 

valgrind: m_mallocfree.c:305 (get_bszB_as_is): Assertion 'bszB_lo == bszB_hi' failed.
valgrind: Heap block lo/hi size mismatch: lo = 65, hi = 97.
This is probably caused by your program erroneously writing past the
end of a heap block and corrupting heap metadata.  If you fix any
invalid writes reported by Memcheck, this assertion failure will
probably go away.  Please try that before reporting this as a bug.


host stacktrace:
==366304==    at 0x5800ACCA: ??? (in /usr/lib/x86_64-linux-gnu/valgrind/massif-amd64-linux)
==366304==    by 0x5800ADF7: ??? (in /usr/lib/x86_64-linux-gnu/valgrind/massif-amd64-linux)
==366304==    by 0x5800AF9B: ??? (in /usr/lib/x86_64-linux-gnu/valgrind/massif-amd64-linux)
==366304==    by 0x5801480A: ??? (in /usr/lib/x86_64-linux-gnu/valgrind/massif-amd64-linux)
==366304==    by 0x5805FAE4: ??? (in /usr/lib/x86_64-linux-gnu/valgrind/massif-amd64-linux)
==366304==    by 0x580BE6D4: ??? (in /usr/lib/x86_64-linux-gnu/valgrind/massif-amd64-linux)

sched status:
  running_tid=1

Thread 1: status = VgTs_Runnable (lwpid 366304)
==366304==    at 0x483B18F: operator delete(void*, unsigned long) (in /usr/lib/x86_64-linux-gnu/valgrind/vgpreload_massif-amd64-linux.so)
==366304==    by 0x1244F2: GUI_Node::~GUI_Node() (in /home/luka/Desktop/vs-projekat/2023_Analysis_06-catan/catan/src/build/Catan)
==366304==    by 0x12454F: GUI_Node::~GUI_Node() (in /home/luka/Desktop/vs-projekat/2023_Analysis_06-catan/catan/src/build/Catan)
==366304==    by 0x4CF1B25: QGraphicsScene::clear() (in /usr/lib/x86_64-linux-gnu/libQt5Widgets.so.5.12.8)
==366304==    by 0x4CF1B74: QGraphicsScene::~QGraphicsScene() (in /usr/lib/x86_64-linux-gnu/libQt5Widgets.so.5.12.8)
==366304==    by 0x116AEE: Board::~Board() (in /home/luka/Desktop/vs-projekat/2023_Analysis_06-catan/catan/src/build/Catan)
==366304==    by 0x116B13: Board::~Board() (in /home/luka/Desktop/vs-projekat/2023_Analysis_06-catan/catan/src/build/Catan)
==366304==    by 0x5792EED: QObjectPrivate::deleteChildren() (in /usr/lib/x86_64-linux-gnu/libQt5Core.so.5.12.8)
==366304==    by 0x4A05C28: QWidget::~QWidget() (in /usr/lib/x86_64-linux-gnu/libQt5Widgets.so.5.12.8)
==366304==    by 0x128715: MainWindow::~MainWindow() (in /home/luka/Desktop/vs-projekat/2023_Analysis_06-catan/catan/src/build/Catan)
==366304==    by 0x1276E5: main (in /home/luka/Desktop/vs-projekat/2023_Analysis_06-catan/catan/src/build/Catan)
client stack range: [0x1FFEFE9000 0x1FFF000FFF] client SP: 0x1FFEFFF890
valgrind stack range: [0x100278E000 0x100288DFFF] top usage: 18696 of 1048576

Thread 2: status = VgTs_WaitSys syscall 202 (lwpid 366314)
==366304==    at 0x5F7F170: __lll_lock_wait (lowlevellock.c:52)
==366304==    by 0x5F770A2: pthread_mutex_lock (pthread_mutex_lock.c:80)
==366304==    by 0x8678C40: ??? (in /usr/lib/x86_64-linux-gnu/libxcb.so.1.1.0)
==366304==    by 0x867A909: xcb_wait_for_event (in /usr/lib/x86_64-linux-gnu/libxcb.so.1.1.0)
==366304==    by 0x9398297: ??? (in /usr/lib/x86_64-linux-gnu/libQt5XcbQpa.so.5.12.8)
==366304==    by 0x55A19D1: ??? (in /usr/lib/x86_64-linux-gnu/libQt5Core.so.5.12.8)
==366304==    by 0x5F74608: start_thread (pthread_create.c:477)
==366304==    by 0x5E99352: clone (clone.S:95)
client stack range: [0x9F79000 0xA777FFF] client SP: 0xA777CF8
valgrind stack range: [0x100470A000 0x1004809FFF] top usage: 4008 of 1048576

Thread 3: status = VgTs_WaitSys syscall 7 (lwpid 366315)
==366304==    at 0x5E8CBBF: poll (poll.c:29)
==366304==    by 0x674A36D: ??? (in /usr/lib/x86_64-linux-gnu/libglib-2.0.so.0.6400.6)
==366304==    by 0x674A4A2: g_main_context_iteration (in /usr/lib/x86_64-linux-gnu/libglib-2.0.so.0.6400.6)
==366304==    by 0x57C1434: QEventDispatcherGlib::processEvents(QFlags<QEventLoop::ProcessEventsFlag>) (in /usr/lib/x86_64-linux-gnu/libQt5Core.so.5.12.8)
==366304==    by 0x57683AA: QEventLoop::exec(QFlags<QEventLoop::ProcessEventsFlag>) (in /usr/lib/x86_64-linux-gnu/libQt5Core.so.5.12.8)
==366304==    by 0x55A0784: QThread::exec() (in /usr/lib/x86_64-linux-gnu/libQt5Core.so.5.12.8)
==366304==    by 0x9513EF9: ??? (in /usr/lib/x86_64-linux-gnu/libQt5DBus.so.5.12.8)
==366304==    by 0x55A19D1: ??? (in /usr/lib/x86_64-linux-gnu/libQt5Core.so.5.12.8)
==366304==    by 0x5F74608: start_thread (pthread_create.c:477)
==366304==    by 0x5E99352: clone (clone.S:95)
client stack range: [0xC6DE000 0xCEDCFFF] client SP: 0xCEDCC70
valgrind stack range: [0x100601B000 0x100611AFFF] top usage: 5544 of 1048576

Thread 4: status = VgTs_WaitSys syscall 202 (lwpid 366334)
==366304==    at 0x5F7B376: futex_wait_cancelable (futex-internal.h:183)
==366304==    by 0x5F7B376: __pthread_cond_wait_common (pthread_cond_wait.c:508)
==366304==    by 0x5F7B376: pthread_cond_wait@@GLIBC_2.3.2 (pthread_cond_wait.c:647)
==366304==    by 0xEB3E5EA: ??? (in /usr/lib/x86_64-linux-gnu/dri/iris_dri.so)
==366304==    by 0xEB3E1EA: ??? (in /usr/lib/x86_64-linux-gnu/dri/iris_dri.so)
==366304==    by 0x5F74608: start_thread (pthread_create.c:477)
==366304==    by 0x5E99352: clone (clone.S:95)
client stack range: [0x15F2C000 0x1672AFFF] client SP: 0x1672AC40
valgrind stack range: [0x10096C7000 0x10097C6FFF] top usage: 3400 of 1048576


Note: see also the FAQ in the source distribution.
It contains workarounds to several common problems.
In particular, if Valgrind aborted or crashed after
identifying problems in your program, there's a good chance
that fixing those problems will prevent Valgrind aborting or
crashing, especially if it happened in m_mallocfree.c.

If that doesn't help, please report this bug to: www.valgrind.org

In the bug report, send all the above text, the valgrind
version, and what OS and version you are using.  Thanks.

